<?xml version="1.0" encoding="UTF-8"?>
<!-- Generated by org.testng.reporters.JUnitReportReporter -->
<testsuite hostname="mukthara-a01.vmware.com" failures="0" tests="1" name="com.muks.redis.TestRedis" time="0.974" errors="0" timestamp="2020-10-01T16:03:07 IST" skipped="0">
  <testcase classname="com.muks.redis.TestRedis" name="testSanity" time="0.974"/>
  <system-out/>
</testsuite> <!-- com.muks.redis.TestRedis -->
