<?xml version="1.0" encoding="UTF-8"?>
<!-- Generated by org.testng.reporters.JUnitReportReporter -->
<testsuite hostname="mukthara-a01.vmware.com" failures="0" tests="4" name="com.platform.core.TestsUser" time="0.314" errors="0" timestamp="2020-10-01T13:51:24 IST" skipped="0">
  <testcase classname="com.platform.core.TestsUser" name="TestUserById" time="0.118"/>
  <system-out/>
  <testcase classname="com.platform.core.TestsUser" name="TestUserRegistration" time="0.020"/>
  <system-out/>
  <testcase classname="com.platform.core.TestsUser" name="TestUserChangingSchema" time="0.139"/>
  <system-out/>
  <testcase classname="com.platform.core.TestsUser" name="TestUserCacheQuery" time="0.037"/>
  <system-out/>
</testsuite> <!-- com.platform.core.TestsUser -->
